<?xml version="1.0" encoding="UTF-8"?>
<!-- Generated by org.testng.reporters.JUnitReportReporter -->
<testsuite hostname="DESKTOP-KFPD178" failures="0" tests="3" name="TestNgSessions.AmazonTest" time="0.011" errors="0" timestamp="25 Jan 2022 06:35:11 GMT" skipped="0">
  <testcase classname="TestNgSessions.AmazonTest" name="amazonFilterTest" time="0.002"/>
  <testcase classname="TestNgSessions.AmazonTest" name="AmazonTitleTest" time="0.002"/>
  <testcase classname="TestNgSessions.AmazonTest" name="AmazonSearrchtestt" time="0.007"/>
</testsuite> <!-- TestNgSessions.AmazonTest -->
