<?xml version="1.0" encoding="UTF-8"?>
<!-- Generated by org.testng.reporters.JUnitReportReporter -->
<testsuite hostname="DESKTOP-KFPD178" failures="0" tests="2" name="TestNgSessions.flipKartTest" time="0.248" errors="0" timestamp="25 Jan 2022 16:34:24 GMT" skipped="0">
  <testcase classname="TestNgSessions.flipKartTest" name="flipKarTitleTest" time="0.034"/>
  <testcase classname="TestNgSessions.flipKartTest" name="flipKartLogoTest" time="0.214"/>
</testsuite> <!-- TestNgSessions.flipKartTest -->
