<?xml version="1.0" encoding="UTF-8"?>
<!-- Generated by org.testng.reporters.JUnitReportReporter -->
<testsuite hostname="DESKTOP-KFPD178" failures="0" tests="7" name="TestNgSessions.PriorityTest" time="0.026" errors="0" timestamp="25 Jan 2022 20:13:42 GMT" skipped="0">
  <testcase classname="TestNgSessions.PriorityTest" name="a_test" time="0.014"/>
  <testcase classname="TestNgSessions.PriorityTest" name="b_test" time="0.002"/>
  <testcase classname="TestNgSessions.PriorityTest" name="c_test" time="0.003"/>
  <testcase classname="TestNgSessions.PriorityTest" name="d_test" time="0.002"/>
  <testcase classname="TestNgSessions.PriorityTest" name="e_test" time="0.003"/>
  <testcase classname="TestNgSessions.PriorityTest" name="f_test" time="0.001"/>
  <testcase classname="TestNgSessions.PriorityTest" name="g_test" time="0.001"/>
</testsuite> <!-- TestNgSessions.PriorityTest -->
