<?xml version="1.0" encoding="UTF-8"?>
<!-- Generated by org.testng.reporters.JUnitReportReporter -->
<testsuite hostname="DESKTOP-KFPD178" failures="0" tests="1" name="TestNgSessions.ExpectedExceptionsConcept" time="0.009" errors="0" timestamp="25 Jan 2022 20:24:56 GMT" skipped="0">
  <testcase classname="TestNgSessions.ExpectedExceptionsConcept" name="divTest" time="0.009"/>
</testsuite> <!-- TestNgSessions.ExpectedExceptionsConcept -->
